2018-10-02 04:21:52.266 [Error] Message: Collection was modified; enumeration operation may not execute.
2018-10-02 04:21:52.267 [Error] Stack Trace:    at System.Collections.ArrayList.ArrayListEnumeratorSimple.MoveNext()
   at System.Windows.Forms.Application.ExitInternal()
   at System.Windows.Forms.Application.Exit(CancelEventArgs e)
   at System.Windows.Forms.Application.Exit()
   at Intersect.Editor.Forms.FrmMain.exitToolStripMenuItem_Click(Object sender, EventArgs e) in C:\Users\JC Snider\Desktop\AGD\Intersect-Engine\Intersect Editor\Forms\frmMain.cs:line 879
   at System.Windows.Forms.ToolStripItem.RaiseEvent(Object key, EventArgs e)
   at System.Windows.Forms.ToolStripMenuItem.OnClick(EventArgs e)
   at System.Windows.Forms.ToolStripItem.HandleClick(EventArgs e)
   at System.Windows.Forms.ToolStripItem.HandleMouseUp(MouseEventArgs e)
   at System.Windows.Forms.ToolStripItem.FireEventInteractive(EventArgs e, ToolStripItemEventType met)
   at System.Windows.Forms.ToolStripItem.FireEvent(EventArgs e, ToolStripItemEventType met)
   at System.Windows.Forms.ToolStrip.OnMouseUp(MouseEventArgs mea)
   at System.Windows.Forms.ToolStripDropDown.OnMouseUp(MouseEventArgs mea)
   at System.Windows.Forms.Control.WmMouseUp(Message& m, MouseButtons button, Int32 clicks)
   at System.Windows.Forms.Control.WndProc(Message& m)
   at System.Windows.Forms.ScrollableControl.WndProc(Message& m)
   at System.Windows.Forms.ToolStrip.WndProc(Message& m)
   at System.Windows.Forms.ToolStripDropDown.WndProc(Message& m)
   at System.Windows.Forms.Control.ControlNativeWindow.OnMessage(Message& m)
   at System.Windows.Forms.Control.ControlNativeWindow.WndProc(Message& m)
   at System.Windows.Forms.NativeWindow.Callback(IntPtr hWnd, Int32 msg, IntPtr wparam, IntPtr lparam)
2018-10-02 04:21:52.267 [Error] Time: 10/2/2018 4:21:52 AM

--------------------------------------------------------------------------------


--------------------------------------------------------------------------------

2018-10-06 09:46:25.908 [Error] Message: Index was out of range. Must be non-negative and less than the size of the collection.
Parameter name: index
2018-10-06 09:46:25.924 [Error] Stack Trace:    at System.ThrowHelper.ThrowArgumentOutOfRangeException(ExceptionArgument argument, ExceptionResource resource)
   at System.Collections.Generic.List`1.get_Item(Int32 index)
   at Intersect.Editor.Forms.FrmMapLayers.lstMapNpcs_Click(Object sender, EventArgs e) in C:\Users\JC Snider\Desktop\AGD\Intersect-Engine\Intersect Editor\Forms\DockingElements\frmMapLayers.cs:line 612
   at System.Windows.Forms.Control.OnClick(EventArgs e)
   at System.Windows.Forms.ListBox.WndProc(Message& m)
   at System.Windows.Forms.Control.ControlNativeWindow.OnMessage(Message& m)
   at System.Windows.Forms.Control.ControlNativeWindow.WndProc(Message& m)
   at System.Windows.Forms.NativeWindow.Callback(IntPtr hWnd, Int32 msg, IntPtr wparam, IntPtr lparam)
2018-10-06 09:46:25.924 [Error] Time: 10/6/2018 9:46:25 AM

--------------------------------------------------------------------------------

2018-10-06 09:49:17.629 [Error] Message: Index was out of range. Must be non-negative and less than the size of the collection.
Parameter name: index
2018-10-06 09:49:17.630 [Error] Stack Trace:    at System.ThrowHelper.ThrowArgumentOutOfRangeException(ExceptionArgument argument, ExceptionResource resource)
   at System.Collections.Generic.List`1.get_Item(Int32 index)
   at Intersect.Editor.Forms.Editors.FrmShop.btnAddSoldItem_Click(Object sender, EventArgs e) in C:\Users\JC Snider\Desktop\AGD\Intersect-Engine\Intersect Editor\Forms\Editors\frmShop.cs:line 247
   at System.Windows.Forms.Control.OnClick(EventArgs e)
   at System.Windows.Forms.Button.OnClick(EventArgs e)
   at System.Windows.Forms.Button.OnMouseUp(MouseEventArgs mevent)
   at DarkUI.Controls.DarkButton.OnMouseUp(MouseEventArgs e)
   at System.Windows.Forms.Control.WmMouseUp(Message& m, MouseButtons button, Int32 clicks)
   at System.Windows.Forms.Control.WndProc(Message& m)
   at System.Windows.Forms.ButtonBase.WndProc(Message& m)
   at System.Windows.Forms.Button.WndProc(Message& m)
   at System.Windows.Forms.Control.ControlNativeWindow.OnMessage(Message& m)
   at System.Windows.Forms.Control.ControlNativeWindow.WndProc(Message& m)
   at System.Windows.Forms.NativeWindow.Callback(IntPtr hWnd, Int32 msg, IntPtr wparam, IntPtr lparam)
2018-10-06 09:49:17.630 [Error] Time: 10/6/2018 9:49:17 AM

--------------------------------------------------------------------------------

